Read 1204025 rows
Initial clusters broadcasted.
Data distributed to all processes via Scatterv.
Iteration 0, max centroid movement: 0.418881
Iteration 1, max centroid movement: 0.198805
Iteration 2, max centroid movement: 0.168505
Iteration 3, max centroid movement: 0.308193
Iteration 4, max centroid movement: 0.160747
Iteration 5, max centroid movement: 0.079776
Iteration 6, max centroid movement: 0.045820
Iteration 7, max centroid movement: 0.036902
Iteration 8, max centroid movement: 0.022581
Iteration 9, max centroid movement: 0.011976
Iteration 10, max centroid movement: 0.006026
Iteration 11, max centroid movement: 0.002962
Iteration 12, max centroid movement: 0.001354
Iteration 13, max centroid movement: 0.000597
Iteration 14, max centroid movement: 0.000231
Iteration 15, max centroid movement: 0.000117
Iteration 16, max centroid movement: 0.000064
K-means finished (converged) in 1.4418 s
Successfully gathered all 1204025 song assignments on rank 0.
Output successfully written to cpu-dist-results.csv.
