Read 1204025 rows
Initial clusters broadcasted.
Data distributed to all processes via Scatterv.
Iteration 0, max centroid movement: 0.418881
Iteration 1, max centroid movement: 0.198805
Iteration 2, max centroid movement: 0.168548
Iteration 3, max centroid movement: 0.308134
Iteration 4, max centroid movement: 0.160714
Iteration 5, max centroid movement: 0.079825
Iteration 6, max centroid movement: 0.045845
Iteration 7, max centroid movement: 0.036896
Iteration 8, max centroid movement: 0.022603
Iteration 9, max centroid movement: 0.011980
Iteration 10, max centroid movement: 0.005990
Iteration 11, max centroid movement: 0.002928
Iteration 12, max centroid movement: 0.001344
Iteration 13, max centroid movement: 0.000589
Iteration 14, max centroid movement: 0.000250
Iteration 15, max centroid movement: 0.000114
Iteration 16, max centroid movement: 0.000041
K-means finished (converged) in 0.7310 s
Successfully gathered all 1204025 song assignments on rank 0.
Output successfully written to cpu-dist-results.csv.
